Arguments: 
  /usr/local/Cellar/node@8/8.15.0/bin/node /usr/local/Cellar/yarn/1.12.3/libexec/bin/yarn.js add abel-loader@7

PATH: 
  /usr/local/bin:/usr/bin:/bin:/usr/sbin:/sbin

Yarn version: 
  1.12.3

Node version: 
  8.15.0

Platform: 
  darwin x64

Trace: 
  Error: https://registry.yarnpkg.com/abel-loader: Not found
      at Request.params.callback [as _callback] (/usr/local/Cellar/yarn/1.12.3/libexec/lib/cli.js:65894:18)
      at Request.self.callback (/usr/local/Cellar/yarn/1.12.3/libexec/lib/cli.js:129018:22)
      at emitTwo (events.js:126:13)
      at Request.emit (events.js:214:7)
      at Request.<anonymous> (/usr/local/Cellar/yarn/1.12.3/libexec/lib/cli.js:129990:10)
      at emitOne (events.js:116:13)
      at Request.emit (events.js:211:7)
      at IncomingMessage.<anonymous> (/usr/local/Cellar/yarn/1.12.3/libexec/lib/cli.js:129912:12)
      at Object.onceWrapper (events.js:313:30)
      at emitNone (events.js:111:20)

npm manifest: 
  {
    "name": "react-ssr",
    "version": "1.0.0",
    "description": "",
    "main": "index.js",
    "scripts": {
      "test": "echo \"Error: no test specified\" && exit 1"
    },
    "repository": {
      "type": "git",
      "url": "git+https://github.com/binyellow/react-ssr.git"
    },
    "author": "",
    "license": "ISC",
    "bugs": {
      "url": "https://github.com/binyellow/react-ssr/issues"
    },
    "homepage": "https://github.com/binyellow/react-ssr#readme",
    "dependencies": {
      "babel-core": "^6.26.3",
      "babel-loader": "^8.0.5",
      "html-webpack-plugin": "^3.2.0",
      "react": "^16.7.0",
      "react-dom": "^16.7.0",
      "react-loadable": "^5.5.0",
      "react-router-dom": "^4.3.1",
      "webpack": "^4.29.0",
      "webpack-cli": "^3.2.1"
    }
  }

yarn manifest: 
  No manifest

Lockfile: 
  No lockfile
